
=== Tue Jun  1 14:51:31 2021

Packages were changed.
Update Mode: updateDependencies

The following packages were added:
  com.unity.ide.visualstudio@2.0.7
The following packages were updated:
  com.unity.collab-proxy from version 1.2.16 to 1.3.9
  com.unity.ide.rider from version 1.1.4 to 2.0.7
  com.unity.textmeshpro from version 2.1.4 to 3.0.1
  com.unity.timeline from version 1.2.18 to 1.4.6

=== Tue Jun  1 18:44:10 2021

Packages were changed.
Update Mode: updateDependencies

The following packages were updated:
  com.unity.timeline from version 1.4.6 to 1.4.7

=== Tue Jun  1 18:51:14 2021

Packages were changed.
Update Mode: updateDependencies

The following packages were updated:
  com.unity.ide.rider from version 2.0.7 to 3.0.5
  com.unity.textmeshpro from version 3.0.1 to 3.0.4
  com.unity.timeline from version 1.4.7 to 1.5.4
